
=== Sat Apr  3 16:12:17 2021

Packages were changed.
Update Mode: mergeDefaultDependencies

The following packages were added:
  com.unity.collab-proxy@1.3.9
  com.unity.ide.rider@2.0.7
  com.unity.ide.visualstudio@2.0.7
  com.unity.ide.vscode@1.2.3
  com.unity.modules.ai@1.0.0
  com.unity.modules.androidjni@1.0.0
  com.unity.modules.animation@1.0.0
  com.unity.modules.assetbundle@1.0.0
  com.unity.modules.audio@1.0.0
  com.unity.modules.cloth@1.0.0
  com.unity.modules.director@1.0.0
  com.unity.modules.imageconversion@1.0.0
  com.unity.modules.imgui@1.0.0
  com.unity.modules.jsonserialize@1.0.0
  com.unity.modules.particlesystem@1.0.0
  com.unity.modules.physics@1.0.0
  com.unity.modules.physics2d@1.0.0
  com.unity.modules.screencapture@1.0.0
  com.unity.modules.terrain@1.0.0
  com.unity.modules.terrainphysics@1.0.0
  com.unity.modules.tilemap@1.0.0
  com.unity.modules.ui@1.0.0
  com.unity.modules.uielements@1.0.0
  com.unity.modules.umbra@1.0.0
  com.unity.modules.unityanalytics@1.0.0
  com.unity.modules.unitywebrequest@1.0.0
  com.unity.modules.unitywebrequestassetbundle@1.0.0
  com.unity.modules.unitywebrequestaudio@1.0.0
  com.unity.modules.unitywebrequesttexture@1.0.0
  com.unity.modules.unitywebrequestwww@1.0.0
  com.unity.modules.vehicles@1.0.0
  com.unity.modules.video@1.0.0
  com.unity.modules.vr@1.0.0
  com.unity.modules.wind@1.0.0
  com.unity.modules.xr@1.0.0
  com.unity.test-framework@1.1.22
  com.unity.textmeshpro@3.0.1
  com.unity.timeline@1.4.6
  com.unity.ugui@1.0.0

=== Sat Apr  3 16:16:30 2021

Packages were changed.
Update Mode: updateDependencies

The following packages were updated:
  com.unity.test-framework from version 1.1.22 to 1.1.24

=== Thu May  6 22:18:58 2021

Packages were changed.
Update Mode: updateDependencies

The following packages were updated:
  com.unity.ide.rider from version 2.0.7 to 3.0.6
  com.unity.textmeshpro from version 3.0.1 to 3.0.4
  com.unity.timeline from version 1.4.6 to 1.5.4

=== Fri Jun 11 13:02:38 2021

Packages were changed.
Update Mode: updateDependencies

The following packages were updated:
  com.unity.collab-proxy from version 1.3.9 to 1.5.7
  com.unity.ide.rider from version 3.0.6 to 3.0.7
  com.unity.ide.visualstudio from version 2.0.7 to 2.0.8
  com.unity.textmeshpro from version 3.0.4 to 3.0.6
  com.unity.timeline from version 1.5.4 to 1.5.5

=== Wed Oct 27 13:10:59 2021

Packages were changed.
Update Mode: updateDependencies

The following packages were updated:
  com.unity.cinemachine from version 2.7.4 to 2.8.0
  com.unity.collab-proxy from version 1.5.7 to 1.13.5
  com.unity.ide.visualstudio from version 2.0.8 to 2.0.11
  com.unity.ide.vscode from version 1.2.3 to 1.2.4
  com.unity.inputsystem from version 1.0.2 to 1.1.1
  com.unity.test-framework from version 1.1.24 to 1.1.29
  com.unity.timeline from version 1.5.5 to 1.6.2

=== Tue Feb 22 20:42:04 2022

Packages were changed.
Update Mode: updateDependencies

The following packages were updated:
  com.unity.collab-proxy from version 1.13.5 to 1.15.12
  com.unity.ide.rider from version 3.0.10 to 3.0.12
  com.unity.inputsystem from version 1.1.1 to 1.3.0

=== Thu Dec 29 22:57:51 2022

Packages were changed.
Update Mode: updateDependencies

The following packages were added:
  com.unity.ai.navigation@1.1.1
The following packages were updated:
  com.unity.cinemachine from version 2.8.4 to 2.9.2
  com.unity.collab-proxy from version 1.15.12 to 1.17.7
  com.unity.ide.rider from version 3.0.12 to 3.0.16
  com.unity.ide.visualstudio from version 2.0.14 to 2.0.16
  com.unity.ide.vscode from version 1.2.4 to 1.2.5
  com.unity.inputsystem from version 1.3.0 to 1.4.4
  com.unity.test-framework from version 1.1.30 to 1.1.33
  com.unity.timeline from version 1.6.3 to 1.7.2
